0 info it worked if it ends with ok
1 verbose cli [ 'node', '/usr/local/bin/npm', 'update', '-g', 'yo' ]
2 info using npm@1.3.14
3 info using node@v0.10.22
4 verbose url raw yo/latest
5 verbose url resolving [ 'https://registry.npmjs.org/', './yo/latest' ]
6 verbose url resolved https://registry.npmjs.org/yo/latest
7 info trying registry request attempt 1 at 18:25:44
8 verbose etag "C74JF7OFHDF8LDQN8B6LOP9MH"
9 http GET https://registry.npmjs.org/yo/latest
10 http 304 https://registry.npmjs.org/yo/latest
11 silly registry.get cb [ 304,
11 silly registry.get   { date: 'Mon, 17 Feb 2014 17:25:45 GMT',
11 silly registry.get     server: 'Apache',
11 silly registry.get     connection: 'Keep-Alive',
11 silly registry.get     'keep-alive': 'timeout=10, max=50',
11 silly registry.get     etag: '"C74JF7OFHDF8LDQN8B6LOP9MH"',
11 silly registry.get     'cache-control': 'max-age=1',
11 silly registry.get     vary: 'Accept' } ]
12 verbose etag yo/latest from cache
13 verbose cache add [ 'yo', '*' ]
14 verbose cache add name="yo" spec="*" args=["yo","*"]
15 verbose parsed url { protocol: null,
15 verbose parsed url   slashes: null,
15 verbose parsed url   auth: null,
15 verbose parsed url   host: null,
15 verbose parsed url   port: null,
15 verbose parsed url   hostname: null,
15 verbose parsed url   hash: null,
15 verbose parsed url   search: null,
15 verbose parsed url   query: null,
15 verbose parsed url   pathname: '*',
15 verbose parsed url   path: '*',
15 verbose parsed url   href: '*' }
16 verbose addNamed [ 'yo', '*' ]
17 verbose addNamed [ null, '*' ]
18 silly lockFile ec8b77ae-yo yo@*
19 verbose lock yo@* /Users/Carlos/.npm/ec8b77ae-yo.lock
20 silly addNameRange { name: 'yo', range: '*', hasData: false }
21 verbose url raw yo
22 verbose url resolving [ 'https://registry.npmjs.org/', './yo' ]
23 verbose url resolved https://registry.npmjs.org/yo
24 info trying registry request attempt 1 at 18:25:45
25 verbose etag "C74JF7OFHDF8LDQN8B6LOP9MH"
26 http GET https://registry.npmjs.org/yo
27 http 304 https://registry.npmjs.org/yo
28 silly registry.get cb [ 304,
28 silly registry.get   { date: 'Mon, 17 Feb 2014 17:25:46 GMT',
28 silly registry.get     server: 'Apache',
28 silly registry.get     connection: 'Keep-Alive',
28 silly registry.get     'keep-alive': 'timeout=10, max=50',
28 silly registry.get     etag: '"C74JF7OFHDF8LDQN8B6LOP9MH"',
28 silly registry.get     'cache-control': 'max-age=1',
28 silly registry.get     vary: 'Accept' } ]
29 verbose etag yo from cache
30 silly addNameRange number 2 { name: 'yo', range: '*', hasData: true }
31 silly addNameRange versions [ 'yo',
31 silly addNameRange   [ '1.0.0-beta.1',
31 silly addNameRange     '1.0.0-beta.2',
31 silly addNameRange     '1.0.0-beta.3',
31 silly addNameRange     '1.0.0-beta.4',
31 silly addNameRange     '1.0.0-beta.5',
31 silly addNameRange     '1.0.0-beta.6',
31 silly addNameRange     '1.0.0-beta.7',
31 silly addNameRange     '1.0.0-rc.1',
31 silly addNameRange     '1.0.0-rc.1.1',
31 silly addNameRange     '1.0.0-rc.1.2',
31 silly addNameRange     '1.0.0-rc.1.3',
31 silly addNameRange     '1.0.0-rc.1.4',
31 silly addNameRange     '1.0.0',
31 silly addNameRange     '1.0.1',
31 silly addNameRange     '1.0.2',
31 silly addNameRange     '1.0.3',
31 silly addNameRange     '1.0.4',
31 silly addNameRange     '1.0.5',
31 silly addNameRange     '1.0.6',
31 silly addNameRange     '1.0.7-pre.1',
31 silly addNameRange     '1.0.7-pre.2',
31 silly addNameRange     '1.0.7-pre.3',
31 silly addNameRange     '1.1.0',
31 silly addNameRange     '1.1.1',
31 silly addNameRange     '1.1.2' ] ]
32 verbose addNamed [ 'yo', '1.1.2' ]
33 verbose addNamed [ '1.1.2', '1.1.2' ]
34 silly lockFile c4df5c1e-yo-1-1-2 yo@1.1.2
35 verbose lock yo@1.1.2 /Users/Carlos/.npm/c4df5c1e-yo-1-1-2.lock
36 silly lockFile c4df5c1e-yo-1-1-2 yo@1.1.2
37 silly lockFile c4df5c1e-yo-1-1-2 yo@1.1.2
38 silly lockFile ec8b77ae-yo yo@*
39 silly lockFile ec8b77ae-yo yo@*
40 info outdated updating [ [ '/usr/local/lib', 'yo', '1.0.4', '1.1.2', '1.1.2', '*' ] ]
41 verbose install where,what [ '/usr/local/lib', [ 'yo@1.1.2' ] ]
42 verbose cache add [ 'yo@1.1.2', null ]
43 verbose cache add name=undefined spec="yo@1.1.2" args=["yo@1.1.2",null]
44 verbose parsed url { protocol: null,
44 verbose parsed url   slashes: null,
44 verbose parsed url   auth: null,
44 verbose parsed url   host: null,
44 verbose parsed url   port: null,
44 verbose parsed url   hostname: null,
44 verbose parsed url   hash: null,
44 verbose parsed url   search: null,
44 verbose parsed url   query: null,
44 verbose parsed url   pathname: 'yo@1.1.2',
44 verbose parsed url   path: 'yo@1.1.2',
44 verbose parsed url   href: 'yo@1.1.2' }
45 verbose cache add name="yo" spec="1.1.2" args=["yo","1.1.2"]
46 verbose parsed url { protocol: null,
46 verbose parsed url   slashes: null,
46 verbose parsed url   auth: null,
46 verbose parsed url   host: null,
46 verbose parsed url   port: null,
46 verbose parsed url   hostname: null,
46 verbose parsed url   hash: null,
46 verbose parsed url   search: null,
46 verbose parsed url   query: null,
46 verbose parsed url   pathname: '1.1.2',
46 verbose parsed url   path: '1.1.2',
46 verbose parsed url   href: '1.1.2' }
47 verbose addNamed [ 'yo', '1.1.2' ]
48 verbose addNamed [ '1.1.2', '1.1.2' ]
49 silly lockFile c4df5c1e-yo-1-1-2 yo@1.1.2
50 verbose lock yo@1.1.2 /Users/Carlos/.npm/c4df5c1e-yo-1-1-2.lock
51 verbose url raw yo/1.1.2
52 verbose url resolving [ 'https://registry.npmjs.org/', './yo/1.1.2' ]
53 verbose url resolved https://registry.npmjs.org/yo/1.1.2
54 info trying registry request attempt 1 at 18:25:46
55 verbose etag "5W8RBDF0BXO6BWLZSRBQRG7Q7"
56 http GET https://registry.npmjs.org/yo/1.1.2
57 http 304 https://registry.npmjs.org/yo/1.1.2
58 silly registry.get cb [ 304,
58 silly registry.get   { date: 'Mon, 17 Feb 2014 17:25:46 GMT',
58 silly registry.get     server: 'Apache',
58 silly registry.get     connection: 'Keep-Alive',
58 silly registry.get     'keep-alive': 'timeout=10, max=50',
58 silly registry.get     etag: '"5W8RBDF0BXO6BWLZSRBQRG7Q7"',
58 silly registry.get     'cache-control': 'max-age=1',
58 silly registry.get     vary: 'Accept' } ]
59 verbose etag yo/1.1.2 from cache
60 silly lockFile c4df5c1e-yo-1-1-2 yo@1.1.2
61 silly lockFile c4df5c1e-yo-1-1-2 yo@1.1.2
62 silly resolved [ { name: 'yo',
62 silly resolved     version: '1.1.2',
62 silly resolved     description: 'CLI tool for scaffolding out Yeoman projects',
62 silly resolved     license: 'MIT',
62 silly resolved     bin: { yo: 'cli.js' },
62 silly resolved     repository: { type: 'git', url: 'git://github.com/yeoman/yo' },
62 silly resolved     homepage: 'http://yeoman.io',
62 silly resolved     author: { name: 'Chrome Developer Relations' },
62 silly resolved     engines: { node: '>=0.8.0', npm: '>=1.2.10' },
62 silly resolved     scripts:
62 silly resolved      { test: 'grunt',
62 silly resolved        postinstall: 'node ./scripts/doctor',
62 silly resolved        postupdate: 'node ./scripts/doctor' },
62 silly resolved     files: [ 'cli.js', 'yoyo.js', 'yeoman.txt', 'scripts/' ],
62 silly resolved     keywords:
62 silly resolved      [ 'front-end',
62 silly resolved        'development',
62 silly resolved        'dev',
62 silly resolved        'build',
62 silly resolved        'web',
62 silly resolved        'tool',
62 silly resolved        'cli',
62 silly resolved        'scaffold',
62 silly resolved        'stack' ],
62 silly resolved     dependencies:
62 silly resolved      { 'yeoman-generator': '~0.16.0',
62 silly resolved        nopt: '~2.1.1',
62 silly resolved        lodash: '~2.4.1',
62 silly resolved        'update-notifier': '~0.1.3',
62 silly resolved        insight: '~0.3.0',
62 silly resolved        'sudo-block': '~0.3.0',
62 silly resolved        async: '~0.2.9',
62 silly resolved        open: '0.0.4',
62 silly resolved        chalk: '~0.4.0',
62 silly resolved        findup: '~0.1.3',
62 silly resolved        shelljs: '~0.2.6' },
62 silly resolved     peerDependencies: { 'grunt-cli': '~0.1.7', bower: '>=0.9.0' },
62 silly resolved     devDependencies:
62 silly resolved      { grunt: '~0.4.2',
62 silly resolved        mockery: '~1.4.0',
62 silly resolved        'grunt-contrib-jshint': '~0.8.0',
62 silly resolved        'grunt-contrib-watch': '~0.5.3',
62 silly resolved        'grunt-mocha-test': '~0.8.1' },
62 silly resolved     engineStrict: true,
62 silly resolved     preferGlobal: true,
62 silly resolved     readme: '# yo [![Build Status](https://secure.travis-ci.org/yeoman/yo.png?branch=master)](http://travis-ci.org/yeoman/yo)\n\nCLI tool for scaffolding out [Yeoman](https://github.com/yeoman/yeoman) projects.\n\n![](screenshot.png)\n\n\n## [Documentation](https://github.com/yeoman/yeoman/wiki)\n\n\n## Options\n\n- `--no-color` flag to disable colors.\n\n- `--[no-]insight` to toggle anonymous [Insight](https://github.com/yeoman/insight) tracking which helps us improve Yeoman. Using either of these flags on the first run will prevent you from being prompted about it interactively. The flags can also be used to change it later on.\n\n\n## Troubleshooting\n\nRunning `yo doctor` command can help you troubleshoot common issues.\n\nIf `doctor` doesn\'t help, then check opened issues for a similar problem. Open a new issue if your problem haven\'t been reported yet. Make sure to always include the version of `yo` (`yo --version`) and Node.js (`node --version`) you use.\n\nIf your issue only occur using a generator, please report the issues on the generator\'s repository.\n\n## Contribute\n\nSee the [contributing docs](https://github.com/yeoman/yeoman/blob/master/contributing.md).\n\n\n## License\n\n[BSD license](http://opensource.org/licenses/bsd-license.php) and copyright Google.\n',
62 silly resolved     readmeFilename: 'readme.md',
62 silly resolved     bugs: { url: 'https://github.com/yeoman/yo/issues' },
62 silly resolved     _id: 'yo@1.1.2',
62 silly resolved     _from: 'yo@1.1.2' } ]
63 info install yo@1.1.2 into /usr/local/lib
64 info installOne yo@1.1.2
65 info /usr/local/lib/node_modules/yo unbuild
66 info preuninstall yo@1.0.4
67 info uninstall yo@1.0.4
68 verbose true,/usr/local/lib/node_modules,/usr/local/lib/node_modules unbuild yo@1.0.4
69 verbose /usr/local/bin,[object Object] binRoot
70 info /usr/local/lib/node_modules/yo unbuild
71 info preuninstall yo@1.0.4
72 info uninstall yo@1.0.4
73 verbose true,/usr/local/lib/node_modules,/usr/local/lib/node_modules unbuild yo@1.0.4
74 verbose /usr/local/bin,[object Object] binRoot
75 error error rolling back Error: EACCES, unlink '/usr/local/bin/yo'
75 error error rolling back  yo@1.1.2 { [Error: EACCES, unlink '/usr/local/bin/yo'] errno: 3, code: 'EACCES', path: '/usr/local/bin/yo' }
76 error Error: EACCES, unlink '/usr/local/bin/yo'
76 error  { [Error: EACCES, unlink '/usr/local/bin/yo'] errno: 3, code: 'EACCES', path: '/usr/local/bin/yo' }
77 error Please try running this command again as root/Administrator.
78 error System Darwin 13.0.2
79 error command "node" "/usr/local/bin/npm" "update" "-g" "yo"
80 error cwd /Users/Carlos/Dropbox/Proyectos/FlatUI-Framework
81 error node -v v0.10.22
82 error npm -v 1.3.14
83 error path /usr/local/bin/yo
84 error code EACCES
85 error errno 3
86 error stack Error: EACCES, unlink '/usr/local/bin/yo'
87 verbose exit [ 3, true ]
